Using pre-set license
Built from '2021.3/staging' branch; Version is '2021.3.11f1 (0a5ca18544bf) revision 679073'; Using compiler version '192829333'; Build Type 'Release'
OS: 'Windows 10  (10.0.19045) 64bit Professional' Language: 'en' Physical Memory: 16333 MB
BatchMode: 1, IsHumanControllingUs: 0, StartBugReporterOnCrash: 0, Is64bit: 1, IsPro: 1

COMMAND LINE ARGUMENTS:
E:\Unitythings\2021.3.11f1\Editor\Unity.exe
-adb2
-batchMode
-noUpm
-name
AssetImportWorker3
-projectPath
E:/Unitythings/LCCC games and stuff/2D-Unity-Game
-logFile
Logs/AssetImportWorker3.log
-srvPort
60192
Successfully changed project path to: E:/Unitythings/LCCC games and stuff/2D-Unity-Game
E:/Unitythings/LCCC games and stuff/2D-Unity-Game
[UnityMemory] Configuration Parameters - Can be set up in boot.config
    "memorysetup-bucket-allocator-granularity=16"
    "memorysetup-bucket-allocator-bucket-count=8"
    "memorysetup-bucket-allocator-block-size=33554432"
    "memorysetup-bucket-allocator-block-count=8"
    "memorysetup-main-allocator-block-size=16777216"
    "memorysetup-thread-allocator-block-size=16777216"
    "memorysetup-gfx-main-allocator-block-size=16777216"
    "memorysetup-gfx-thread-allocator-block-size=16777216"
    "memorysetup-cache-allocator-block-size=4194304"
    "memorysetup-typetree-allocator-block-size=2097152"
    "memorysetup-profiler-bucket-allocator-granularity=16"
    "memorysetup-profiler-bucket-allocator-bucket-count=8"
    "memorysetup-profiler-bucket-allocator-block-size=33554432"
    "memorysetup-profiler-bucket-allocator-block-count=8"
    "memorysetup-profiler-allocator-block-size=16777216"
    "memorysetup-profiler-editor-allocator-block-size=1048576"
    "memorysetup-temp-allocator-size-main=16777216"
    "memorysetup-job-temp-allocator-block-size=2097152"
    "memorysetup-job-temp-allocator-block-size-background=1048576"
    "memorysetup-job-temp-allocator-reduction-small-platforms=262144"
    "memorysetup-temp-allocator-size-background-worker=32768"
    "memorysetup-temp-allocator-size-job-worker=262144"
    "memorysetup-temp-allocator-size-preload-manager=33554432"
    "memorysetup-temp-allocator-size-nav-mesh-worker=65536"
    "memorysetup-temp-allocator-size-audio-worker=65536"
    "memorysetup-temp-allocator-size-cloud-worker=32768"
    "memorysetup-temp-allocator-size-gi-baking-worker=262144"
    "memorysetup-temp-allocator-size-gfx=262144"
Refreshing native plugins compatible for Editor in 92.87 ms, found 4 plugins.
Preloading 0 native plugins for Editor in 0.00 ms.
Initialize engine version: 2021.3.11f1 (0a5ca18544bf)
[Subsystems] Discovering subsystems at path E:/Unitythings/2021.3.11f1/Editor/Data/Resources/UnitySubsystems
[Subsystems] Discovering subsystems at path E:/Unitythings/LCCC games and stuff/2D-Unity-Game/Assets
GfxDevice: creating device client; threaded=0; jobified=0
Direct3D:
    Version:  Direct3D 11.0 [level 11.1]
    Renderer: NVIDIA GeForce RTX 2060 (ID=0x1e89)
    Vendor:   NVIDIA
    VRAM:     5945 MB
    Driver:   31.0.15.5152
Initialize mono
Mono path[0] = 'E:/Unitythings/2021.3.11f1/Editor/Data/Managed'
Mono path[1] = 'E:/Unitythings/2021.3.11f1/Editor/Data/MonoBleedingEdge/lib/mono/unityjit-win32'
Mono config path = 'E:/Unitythings/2021.3.11f1/Editor/Data/MonoBleedingEdge/etc'
Using monoOptions --debugger-agent=transport=dt_socket,embedding=1,server=y,suspend=n,address=127.0.0.1:56892
Begin MonoManager ReloadAssembly
Registering precompiled unity dll's ...
Register platform support module: E:/Unitythings/2021.3.11f1/Editor/Data/PlaybackEngines/WebGLSupport/UnityEditor.WebGL.Extensions.dll
Register platform support module: E:/Unitythings/2021.3.11f1/Editor/Data/PlaybackEngines/iOSSupport/UnityEditor.iOS.Extensions.dll
Register platform support module: E:/Unitythings/2021.3.11f1/Editor/Data/PlaybackEngines/WindowsStandaloneSupport/UnityEditor.WindowsStandalone.Extensions.dll
Register platform support module: E:/Unitythings/2021.3.11f1/Editor/Data/PlaybackEngines/MetroSupport/UnityEditor.UWP.Extensions.dll
Registered in 0.003494 seconds.
Native extension for UWP target not found
Native extension for WindowsStandalone target not found
[usbmuxd] Start listen thread
[usbmuxd] Listen thread started
[usbmuxd] Send listen message
Native extension for iOS target not found
Native extension for WebGL target not found
Refreshing native plugins compatible for Editor in 91.54 ms, found 4 plugins.
Preloading 0 native plugins for Editor in 0.00 ms.
Mono: successfully reloaded assembly
- Completed reload, in  0.628 seconds
Domain Reload Profiling:
	ReloadAssembly (629ms)
		BeginReloadAssembly (70ms)
			ExecutionOrderSort (0ms)
			DisableScriptedObjects (0ms)
			BackupInstance (0ms)
			ReleaseScriptingObjects (0ms)
			CreateAndSetChildDomain (1ms)
		EndReloadAssembly (461ms)
			LoadAssemblies (70ms)
			RebuildTransferFunctionScriptingTraits (0ms)
			SetupTypeCache (101ms)
			ReleaseScriptCaches (0ms)
			RebuildScriptCaches (25ms)
			SetupLoadedEditorAssemblies (290ms)
				LogAssemblyErrors (0ms)
				InitializePlatformSupportModulesInManaged (23ms)
				SetLoadedEditorAssemblies (0ms)
				RefreshPlugins (92ms)
				BeforeProcessingInitializeOnLoad (1ms)
				ProcessInitializeOnLoadAttributes (128ms)
				ProcessInitializeOnLoadMethodAttributes (45ms)
				AfterProcessingInitializeOnLoad (0ms)
				EditorAssembliesLoaded (0ms)
			ExecutionOrderSort2 (0ms)
			AwakeInstancesAfterBackupRestoration (0ms)
Platform modules already initialized, skipping
Registering precompiled user dll's ...
Registered in 0.005101 seconds.
Begin MonoManager ReloadAssembly
Symbol file LoadedFromMemory doesn't match image E:\Unitythings\LCCC games and stuff\2D-Unity-Game\Library\PackageCache\com.unity.visualscripting@1.7.8\Editor\VisualScripting.Core\Dependencies\YamlDotNet\Unity.VisualScripting.YamlDotNet.dll
Symbol file LoadedFromMemory doesn't match image E:\Unitythings\LCCC games and stuff\2D-Unity-Game\Library\PackageCache\com.unity.visualscripting@1.7.8\Editor\VisualScripting.Core\Dependencies\DotNetZip\Unity.VisualScripting.IonicZip.dll
Native extension for UWP target not found
Native extension for WindowsStandalone target not found
Native extension for iOS target not found
Native extension for WebGL target not found
Refreshing native plugins compatible for Editor in 84.13 ms, found 4 plugins.
Preloading 0 native plugins for Editor in 0.00 ms.
Mono: successfully reloaded assembly
- Completed reload, in  1.049 seconds
Domain Reload Profiling:
	ReloadAssembly (1050ms)
		BeginReloadAssembly (107ms)
			ExecutionOrderSort (0ms)
			DisableScriptedObjects (5ms)
			BackupInstance (0ms)
			ReleaseScriptingObjects (0ms)
			CreateAndSetChildDomain (19ms)
		EndReloadAssembly (825ms)
			LoadAssemblies (90ms)
			RebuildTransferFunctionScriptingTraits (0ms)
			SetupTypeCache (223ms)
			ReleaseScriptCaches (1ms)
			RebuildScriptCaches (49ms)
			SetupLoadedEditorAssemblies (434ms)
				LogAssemblyErrors (0ms)
				InitializePlatformSupportModulesInManaged (16ms)
				SetLoadedEditorAssemblies (0ms)
				RefreshPlugins (84ms)
				BeforeProcessingInitializeOnLoad (85ms)
				ProcessInitializeOnLoadAttributes (207ms)
				ProcessInitializeOnLoadMethodAttributes (39ms)
				AfterProcessingInitializeOnLoad (3ms)
				EditorAssembliesLoaded (0ms)
			ExecutionOrderSort2 (0ms)
			AwakeInstancesAfterBackupRestoration (5ms)
Platform modules already initialized, skipping
========================================================================
Worker process is ready to serve import requests
Launched and connected shader compiler UnityShaderCompiler.exe after 0.05 seconds
Refreshing native plugins compatible for Editor in 0.81 ms, found 4 plugins.
Preloading 0 native plugins for Editor in 0.00 ms.
Unloading 4092 Unused Serialized files (Serialized files now loaded: 0)
Unloading 38 unused Assets / (56.5 KB). Loaded Objects now: 4549.
Memory consumption went from 152.0 MB to 151.9 MB.
Total: 3.190900 ms (FindLiveObjects: 0.323600 ms CreateObjectMapping: 0.096500 ms MarkObjects: 2.695700 ms  DeleteObjects: 0.074100 ms)

AssetImportParameters requested are different than current active one (requested -> active):
  custom:video-decoder-ogg-theora: a1e56fd34408186e4bbccfd4996cb3dc -> 
  custom:container-muxer-webm: aa71ff27fc2769a1b78a27578f13a17b -> 
  custom:container-demuxer-webm: 4f35f7cbe854078d1ac9338744f61a02 -> 
  custom:video-encoder-webm-vp8: eb34c28f22e8b96e1ab97ce403110664 -> 
  custom:audio-encoder-webm-vorbis: bf7c407c2cedff20999df2af8eb42d56 -> 
  custom:framework-win-MediaFoundation: 216162199b28c13a410421893ffa2e32 -> 
  custom:container-demuxer-ogg: 62fdf1f143b41e24485cea50d1cbac27 -> 
  custom:video-decoder-webm-vp8: 9c59270c3fd7afecdb556c50c9e8de78 -> 
  custom:audio-decoder-ogg-vorbis: bf7c407c2cedff20999df2af8eb42d56 -> 
========================================================================
Received Import Request.
  Time since last request: 333998.650268 seconds.
  path: Assets/Scripts/PlayerStateMachineStuff/DefaultPlayerData.asset
  artifactKey: Guid(67f5bc9b85e0a214d9f8a9a7e6474239) Importer(815301076,1909f56bfc062723c751e8b465ee728b)
Start importing Assets/Scripts/PlayerStateMachineStuff/DefaultPlayerData.asset using Guid(67f5bc9b85e0a214d9f8a9a7e6474239) Importer(815301076,1909f56bfc062723c751e8b465ee728b)  -> (artifact id: '4fc212e152e50db45889649d6ec354c6') in 0.036374 seconds 
========================================================================
Received Import Request.
  Time since last request: 191.323882 seconds.
  path: Assets/Sprites/BasicTileMapForLayouts/StewysTiles/SpaceStationTileMap_1_1.asset
  artifactKey: Guid(42950e12b90bb52479f8fe7e020c7f2d) Importer(815301076,1909f56bfc062723c751e8b465ee728b)
Start importing Assets/Sprites/BasicTileMapForLayouts/StewysTiles/SpaceStationTileMap_1_1.asset using Guid(42950e12b90bb52479f8fe7e020c7f2d) Importer(815301076,1909f56bfc062723c751e8b465ee728b)  -> (artifact id: '5f9ee038f5930d33aa0432719464dc56') in 0.040538 seconds 
========================================================================
Received Import Request.
  Time since last request: 0.000029 seconds.
  path: Assets/Sprites/BasicTileMapForLayouts/StewysTiles/SpaceStationTileMap_1_33.asset
  artifactKey: Guid(b69c40135eb597a4e9193cdb921ff907) Importer(815301076,1909f56bfc062723c751e8b465ee728b)
Start importing Assets/Sprites/BasicTileMapForLayouts/StewysTiles/SpaceStationTileMap_1_33.asset using Guid(b69c40135eb597a4e9193cdb921ff907) Importer(815301076,1909f56bfc062723c751e8b465ee728b)  -> (artifact id: '7925011873bdc194200c29617d642b07') in 0.011816 seconds 
========================================================================
Received Import Request.
  Time since last request: 0.000020 seconds.
  path: Assets/Sprites/BasicTileMapForLayouts/StewysTiles/SpaceStationTileMap_1_21.asset
  artifactKey: Guid(a4a8e7b4108a64a4fbee30d88034ea84) Importer(815301076,1909f56bfc062723c751e8b465ee728b)
Start importing Assets/Sprites/BasicTileMapForLayouts/StewysTiles/SpaceStationTileMap_1_21.asset using Guid(a4a8e7b4108a64a4fbee30d88034ea84) Importer(815301076,1909f56bfc062723c751e8b465ee728b)  -> (artifact id: 'f2320ecb116baa36848c10985bacd29f') in 0.011573 seconds 
========================================================================
Received Import Request.
  Time since last request: 0.000018 seconds.
  path: Assets/Sprites/BasicTileMapForLayouts/StewysTiles/SpaceStationTileMap_1_32.asset
  artifactKey: Guid(bc7faa22aea73a6449ddb96b1865c9fd) Importer(815301076,1909f56bfc062723c751e8b465ee728b)
Start importing Assets/Sprites/BasicTileMapForLayouts/StewysTiles/SpaceStationTileMap_1_32.asset using Guid(bc7faa22aea73a6449ddb96b1865c9fd) Importer(815301076,1909f56bfc062723c751e8b465ee728b)  -> (artifact id: '96390019f1afd4b03af1e7a710cb7182') in 0.010897 seconds 
========================================================================
Received Import Request.
  Time since last request: 0.000018 seconds.
  path: Assets/Sprites/BasicTileMapForLayouts/StewysTiles/SpaceStationTileMap_1_19.asset
  artifactKey: Guid(67ec9f9b1ce3a3f49a4df682843de7ce) Importer(815301076,1909f56bfc062723c751e8b465ee728b)
Start importing Assets/Sprites/BasicTileMapForLayouts/StewysTiles/SpaceStationTileMap_1_19.asset using Guid(67ec9f9b1ce3a3f49a4df682843de7ce) Importer(815301076,1909f56bfc062723c751e8b465ee728b)  -> (artifact id: 'af10b2266fe8aa37ee2ef77633499b90') in 0.017041 seconds 
========================================================================
Received Import Request.
  Time since last request: 0.000041 seconds.
  path: Assets/Sprites/BasicTileMapForLayouts/StewysTiles/SpaceStationTileMap_1_13.asset
  artifactKey: Guid(0c5b93c1ea3c06843a58420fd03bf0c4) Importer(815301076,1909f56bfc062723c751e8b465ee728b)
Start importing Assets/Sprites/BasicTileMapForLayouts/StewysTiles/SpaceStationTileMap_1_13.asset using Guid(0c5b93c1ea3c06843a58420fd03bf0c4) Importer(815301076,1909f56bfc062723c751e8b465ee728b)  -> (artifact id: 'd81c8dd0b2277e3b10c93239880d2273') in 0.013532 seconds 
========================================================================
Received Import Request.
  Time since last request: 0.000043 seconds.
  path: Assets/Sprites/BasicTileMapForLayouts/StewysTiles/SpaceStationTileMap_1_17.asset
  artifactKey: Guid(e96596cfdd8afbf4bb9e97460b4999b3) Importer(815301076,1909f56bfc062723c751e8b465ee728b)
Start importing Assets/Sprites/BasicTileMapForLayouts/StewysTiles/SpaceStationTileMap_1_17.asset using Guid(e96596cfdd8afbf4bb9e97460b4999b3) Importer(815301076,1909f56bfc062723c751e8b465ee728b)  -> (artifact id: 'c662479c0c81dea6a86ded30358d5711') in 0.016101 seconds 
========================================================================
Received Import Request.
  Time since last request: 0.000032 seconds.
  path: Assets/Sprites/BasicTileMapForLayouts/StewysTiles/SpaceStationTileMap_1_15.asset
  artifactKey: Guid(9b4d132c38c3761478612723118aa0e4) Importer(815301076,1909f56bfc062723c751e8b465ee728b)
Start importing Assets/Sprites/BasicTileMapForLayouts/StewysTiles/SpaceStationTileMap_1_15.asset using Guid(9b4d132c38c3761478612723118aa0e4) Importer(815301076,1909f56bfc062723c751e8b465ee728b)  -> (artifact id: 'f1c171bf1bd782f8ca0bec6d76534460') in 0.018929 seconds 
========================================================================
Received Import Request.
  Time since last request: 0.000022 seconds.
  path: Assets/Sprites/BasicTileMapForLayouts/StewysTiles/SpaceStationTileMap_1_10.asset
  artifactKey: Guid(696b20e41b72bca4baa13d3cba5cb9df) Importer(815301076,1909f56bfc062723c751e8b465ee728b)
Start importing Assets/Sprites/BasicTileMapForLayouts/StewysTiles/SpaceStationTileMap_1_10.asset using Guid(696b20e41b72bca4baa13d3cba5cb9df) Importer(815301076,1909f56bfc062723c751e8b465ee728b)  -> (artifact id: '2ef2d89d328311e31bdca9a7615e9fc9') in 0.012629 seconds 
========================================================================
Received Import Request.
  Time since last request: 0.000025 seconds.
  path: Assets/Sprites/BasicTileMapForLayouts/StewysTiles/SpaceStationTileMap_1_8.asset
  artifactKey: Guid(d12e50c9fb235e241903aba5148467a5) Importer(815301076,1909f56bfc062723c751e8b465ee728b)
Start importing Assets/Sprites/BasicTileMapForLayouts/StewysTiles/SpaceStationTileMap_1_8.asset using Guid(d12e50c9fb235e241903aba5148467a5) Importer(815301076,1909f56bfc062723c751e8b465ee728b)  -> (artifact id: '030d19719df6ddacb17d83f2d7fbaf0e') in 0.017617 seconds 
========================================================================
Received Import Request.
  Time since last request: 0.000023 seconds.
  path: Assets/Sprites/BasicTileMapForLayouts/StewysTiles/SpaceStationTileMap_1_27.asset
  artifactKey: Guid(4cb928da4f99cb044b1a0d4340dcc394) Importer(815301076,1909f56bfc062723c751e8b465ee728b)
Start importing Assets/Sprites/BasicTileMapForLayouts/StewysTiles/SpaceStationTileMap_1_27.asset using Guid(4cb928da4f99cb044b1a0d4340dcc394) Importer(815301076,1909f56bfc062723c751e8b465ee728b)  -> (artifact id: '4de410d0f3fe96749aa42233b03f0007') in 0.011356 seconds 
========================================================================
Received Import Request.
  Time since last request: 0.000031 seconds.
  path: Assets/Sprites/BasicTileMapForLayouts/StewysTiles/SpaceStationTileMap_1_24.asset
  artifactKey: Guid(a11d147794356a04aad58f86cb6a9c29) Importer(815301076,1909f56bfc062723c751e8b465ee728b)
Start importing Assets/Sprites/BasicTileMapForLayouts/StewysTiles/SpaceStationTileMap_1_24.asset using Guid(a11d147794356a04aad58f86cb6a9c29) Importer(815301076,1909f56bfc062723c751e8b465ee728b)  -> (artifact id: '1f5faf2476394f931f57e2d17af8c355') in 0.016848 seconds 
========================================================================
Received Import Request.
  Time since last request: 0.000019 seconds.
  path: Assets/Sprites/BasicTileMapForLayouts/StewysTiles/SpaceStationTileMap_1_29.asset
  artifactKey: Guid(eae948f16383a174fbac8c0bb1a4cbaa) Importer(815301076,1909f56bfc062723c751e8b465ee728b)
Start importing Assets/Sprites/BasicTileMapForLayouts/StewysTiles/SpaceStationTileMap_1_29.asset using Guid(eae948f16383a174fbac8c0bb1a4cbaa) Importer(815301076,1909f56bfc062723c751e8b465ee728b)  -> (artifact id: '5528f6b0bfbaf4a0e837f2d32f478ef0') in 0.021982 seconds 
========================================================================
Received Import Request.
  Time since last request: 0.000019 seconds.
  path: Assets/Sprites/BasicTileMapForLayouts/StewysTiles/SpaceStationTileMap_1_4.asset
  artifactKey: Guid(9e7f146b909d46c47b40a257df57aa74) Importer(815301076,1909f56bfc062723c751e8b465ee728b)
Start importing Assets/Sprites/BasicTileMapForLayouts/StewysTiles/SpaceStationTileMap_1_4.asset using Guid(9e7f146b909d46c47b40a257df57aa74) Importer(815301076,1909f56bfc062723c751e8b465ee728b)  -> (artifact id: '6d10e8b77ae103bb098e984118ac3409') in 0.011305 seconds 
========================================================================
Received Import Request.
  Time since last request: 0.000024 seconds.
  path: Assets/Sprites/BasicTileMapForLayouts/StewysTiles/SpaceStationTileMap_1_23.asset
  artifactKey: Guid(77ae1dd209964db4d8114c543e518d7e) Importer(815301076,1909f56bfc062723c751e8b465ee728b)
Start importing Assets/Sprites/BasicTileMapForLayouts/StewysTiles/SpaceStationTileMap_1_23.asset using Guid(77ae1dd209964db4d8114c543e518d7e) Importer(815301076,1909f56bfc062723c751e8b465ee728b)  -> (artifact id: '83a8605dc1c1ce9d5c873aa028f8696b') in 0.013866 seconds 
========================================================================
Received Import Request.
  Time since last request: 0.000017 seconds.
  path: Assets/Sprites/BasicTileMapForLayouts/StewysTiles/SpaceStationTileMap_1_5.asset
  artifactKey: Guid(ae14f52504fbdc8458f1c689e52b23ea) Importer(815301076,1909f56bfc062723c751e8b465ee728b)
Start importing Assets/Sprites/BasicTileMapForLayouts/StewysTiles/SpaceStationTileMap_1_5.asset using Guid(ae14f52504fbdc8458f1c689e52b23ea) Importer(815301076,1909f56bfc062723c751e8b465ee728b)  -> (artifact id: '6603bb51bff72312f3e5c2fe6dc96467') in 0.012171 seconds 
========================================================================
Received Import Request.
  Time since last request: 0.000019 seconds.
  path: Assets/Sprites/BasicTileMapForLayouts/StewysTiles/SpaceStationTileMap_1_25.asset
  artifactKey: Guid(1b5dd5f3f14223648a85ecbdadf3cc51) Importer(815301076,1909f56bfc062723c751e8b465ee728b)
Start importing Assets/Sprites/BasicTileMapForLayouts/StewysTiles/SpaceStationTileMap_1_25.asset using Guid(1b5dd5f3f14223648a85ecbdadf3cc51) Importer(815301076,1909f56bfc062723c751e8b465ee728b)  -> (artifact id: 'df422ee6b40529c73cacec0154ac5dd7') in 0.013979 seconds 
========================================================================
Received Import Request.
  Time since last request: 0.000025 seconds.
  path: Assets/Sprites/BasicTileMapForLayouts/StewysTiles/SpaceStationTileMap_1_3.asset
  artifactKey: Guid(9c6764fa323e2444b99999c0a326b747) Importer(815301076,1909f56bfc062723c751e8b465ee728b)
Start importing Assets/Sprites/BasicTileMapForLayouts/StewysTiles/SpaceStationTileMap_1_3.asset using Guid(9c6764fa323e2444b99999c0a326b747) Importer(815301076,1909f56bfc062723c751e8b465ee728b)  -> (artifact id: '4d4fca528cc514dbbd003b856513cd4d') in 0.013825 seconds 
========================================================================
Received Import Request.
  Time since last request: 0.219291 seconds.
  path: Assets/Sprites/BasicTileMapForLayouts/StewysTiles/SpaceStationTileMap_1_36.asset
  artifactKey: Guid(009ceea4b100b2044bfbea0e2063e0e1) Importer(815301076,1909f56bfc062723c751e8b465ee728b)
Start importing Assets/Sprites/BasicTileMapForLayouts/StewysTiles/SpaceStationTileMap_1_36.asset using Guid(009ceea4b100b2044bfbea0e2063e0e1) Importer(815301076,1909f56bfc062723c751e8b465ee728b)  -> (artifact id: '37d385bbe96ef1802268257657529bf7') in 0.012176 seconds 
========================================================================
Received Import Request.
  Time since last request: 0.000025 seconds.
  path: Assets/Sprites/BasicTileMapForLayouts/StewysTiles/SpaceStationTileMap_1_40.asset
  artifactKey: Guid(05ab057ff3eeb19478966242b3bd46fe) Importer(815301076,1909f56bfc062723c751e8b465ee728b)
Start importing Assets/Sprites/BasicTileMapForLayouts/StewysTiles/SpaceStationTileMap_1_40.asset using Guid(05ab057ff3eeb19478966242b3bd46fe) Importer(815301076,1909f56bfc062723c751e8b465ee728b)  -> (artifact id: '99f5dc9f8e32eb879d179f0b8cc5f0a7') in 0.012465 seconds 
========================================================================
Received Import Request.
  Time since last request: 0.000020 seconds.
  path: Assets/Sprites/BasicTileMapForLayouts/StewysTiles/SpaceStationTileMap_1_37.asset
  artifactKey: Guid(4b511877a9cffca4ba23e28eec53ab8f) Importer(815301076,1909f56bfc062723c751e8b465ee728b)
Start importing Assets/Sprites/BasicTileMapForLayouts/StewysTiles/SpaceStationTileMap_1_37.asset using Guid(4b511877a9cffca4ba23e28eec53ab8f) Importer(815301076,1909f56bfc062723c751e8b465ee728b)  -> (artifact id: '4f6d6f9766dba0882da7b4f0fba97aed') in 0.010511 seconds 
========================================================================
Received Import Request.
  Time since last request: 0.000019 seconds.
  path: Assets/Sprites/BasicTileMapForLayouts/StewysTiles/SpaceStationTileMap_1_38.asset
  artifactKey: Guid(0bf724d0e7cd8024da8a804c0f8e5c98) Importer(815301076,1909f56bfc062723c751e8b465ee728b)
Start importing Assets/Sprites/BasicTileMapForLayouts/StewysTiles/SpaceStationTileMap_1_38.asset using Guid(0bf724d0e7cd8024da8a804c0f8e5c98) Importer(815301076,1909f56bfc062723c751e8b465ee728b)  -> (artifact id: '8088db9fa9146d6ea84d7ab4f27e38b0') in 0.010811 seconds 
========================================================================
Received Import Request.
  Time since last request: 0.000020 seconds.
  path: Assets/Sprites/BasicTileMapForLayouts/StewysTiles/SpaceStationTileMap_1_39.asset
  artifactKey: Guid(0fe3f3bc89219f24f945b3e071259440) Importer(815301076,1909f56bfc062723c751e8b465ee728b)
Start importing Assets/Sprites/BasicTileMapForLayouts/StewysTiles/SpaceStationTileMap_1_39.asset using Guid(0fe3f3bc89219f24f945b3e071259440) Importer(815301076,1909f56bfc062723c751e8b465ee728b)  -> (artifact id: 'fd9a05a239a794d31b04c2662431a587') in 0.011377 seconds 
========================================================================
Received Import Request.
  Time since last request: 0.000022 seconds.
  path: Assets/Sprites/BasicTileMapForLayouts/StewysTiles/SpaceStationTileMap_1_48.asset
  artifactKey: Guid(8503e943d4943164d90f7faa19603216) Importer(815301076,1909f56bfc062723c751e8b465ee728b)
Start importing Assets/Sprites/BasicTileMapForLayouts/StewysTiles/SpaceStationTileMap_1_48.asset using Guid(8503e943d4943164d90f7faa19603216) Importer(815301076,1909f56bfc062723c751e8b465ee728b)  -> (artifact id: '27891422a501c1341a62cf5680958676') in 0.011609 seconds 
========================================================================
Received Import Request.
  Time since last request: 0.000020 seconds.
  path: Assets/Sprites/BasicTileMapForLayouts/StewysTiles/SpaceStationTileMap_1_54.asset
  artifactKey: Guid(7ef08d6076c88fb44a3965c7a623c66e) Importer(815301076,1909f56bfc062723c751e8b465ee728b)
Start importing Assets/Sprites/BasicTileMapForLayouts/StewysTiles/SpaceStationTileMap_1_54.asset using Guid(7ef08d6076c88fb44a3965c7a623c66e) Importer(815301076,1909f56bfc062723c751e8b465ee728b)  -> (artifact id: 'b8e25cef65c1b6d046170017ba754bb3') in 0.011448 seconds 
========================================================================
Received Import Request.
  Time since last request: 0.000018 seconds.
  path: Assets/Sprites/BasicTileMapForLayouts/StewysTiles/SpaceStationTileMap_1_49.asset
  artifactKey: Guid(674ab7dd3fa46724897bfb74111cfd11) Importer(815301076,1909f56bfc062723c751e8b465ee728b)
Start importing Assets/Sprites/BasicTileMapForLayouts/StewysTiles/SpaceStationTileMap_1_49.asset using Guid(674ab7dd3fa46724897bfb74111cfd11) Importer(815301076,1909f56bfc062723c751e8b465ee728b)  -> (artifact id: '7dc6c63efd75df469504a92607615ccc') in 0.010380 seconds 
========================================================================
Received Import Request.
  Time since last request: 0.000019 seconds.
  path: Assets/Sprites/BasicTileMapForLayouts/StewysTiles/SpaceStationTileMap_1_58.asset
  artifactKey: Guid(ee4f53386193ef94aba40e74dba0f715) Importer(815301076,1909f56bfc062723c751e8b465ee728b)
Start importing Assets/Sprites/BasicTileMapForLayouts/StewysTiles/SpaceStationTileMap_1_58.asset using Guid(ee4f53386193ef94aba40e74dba0f715) Importer(815301076,1909f56bfc062723c751e8b465ee728b)  -> (artifact id: '13ce1177e9862819fa230bf8c9c02842') in 0.011348 seconds 
========================================================================
Received Import Request.
  Time since last request: 0.000022 seconds.
  path: Assets/Sprites/BasicTileMapForLayouts/StewysTiles/SpaceStationTileMap_1_50.asset
  artifactKey: Guid(8c1c41befba2f3345b6fb031910393e5) Importer(815301076,1909f56bfc062723c751e8b465ee728b)
Start importing Assets/Sprites/BasicTileMapForLayouts/StewysTiles/SpaceStationTileMap_1_50.asset using Guid(8c1c41befba2f3345b6fb031910393e5) Importer(815301076,1909f56bfc062723c751e8b465ee728b)  -> (artifact id: 'ab52595290383b4daf10245b6db6220c') in 0.010574 seconds 
========================================================================
Received Import Request.
  Time since last request: 0.000024 seconds.
  path: Assets/Sprites/BasicTileMapForLayouts/StewysTiles/SpaceStationTileMap_1_45.asset
  artifactKey: Guid(cff216b3d4e4968468e845352348657b) Importer(815301076,1909f56bfc062723c751e8b465ee728b)
Start importing Assets/Sprites/BasicTileMapForLayouts/StewysTiles/SpaceStationTileMap_1_45.asset using Guid(cff216b3d4e4968468e845352348657b) Importer(815301076,1909f56bfc062723c751e8b465ee728b)  -> (artifact id: '4742f8d9d43351dccf148586499561f1') in 0.011640 seconds 
========================================================================
Received Import Request.
  Time since last request: 0.000024 seconds.
  path: Assets/Sprites/BasicTileMapForLayouts/StewysTiles/SpaceStationTileMap_1_51.asset
  artifactKey: Guid(1903dcd7dc5103848b7b5442bc8aa717) Importer(815301076,1909f56bfc062723c751e8b465ee728b)
Start importing Assets/Sprites/BasicTileMapForLayouts/StewysTiles/SpaceStationTileMap_1_51.asset using Guid(1903dcd7dc5103848b7b5442bc8aa717) Importer(815301076,1909f56bfc062723c751e8b465ee728b)  -> (artifact id: '636ccfdcc53ae9cffd053cebfd59f124') in 0.011466 seconds 
========================================================================
Received Import Request.
  Time since last request: 137.547311 seconds.
  path: Assets/Sprites/BasicTileMapForLayouts/StewysTiles/MetalPlateTiles/MetalPanels_1_1.asset
  artifactKey: Guid(33937a467de2810448b56ee072687153) Importer(815301076,1909f56bfc062723c751e8b465ee728b)
Start importing Assets/Sprites/BasicTileMapForLayouts/StewysTiles/MetalPlateTiles/MetalPanels_1_1.asset using Guid(33937a467de2810448b56ee072687153) Importer(815301076,1909f56bfc062723c751e8b465ee728b)  -> (artifact id: '52e73c110d239acb068d3cc7be25c74d') in 0.012191 seconds 
========================================================================
Received Import Request.
  Time since last request: 0.000021 seconds.
  path: Assets/Sprites/BasicTileMapForLayouts/StewysTiles/MetalPlateTiles/MetalPanels_1_7.asset
  artifactKey: Guid(6210d7438b49406419e305c296ea0874) Importer(815301076,1909f56bfc062723c751e8b465ee728b)
Start importing Assets/Sprites/BasicTileMapForLayouts/StewysTiles/MetalPlateTiles/MetalPanels_1_7.asset using Guid(6210d7438b49406419e305c296ea0874) Importer(815301076,1909f56bfc062723c751e8b465ee728b)  -> (artifact id: '54dafa4ae2eb936ced42d548b3ee8138') in 0.013335 seconds 
========================================================================
Received Import Request.
  Time since last request: 0.000024 seconds.
  path: Assets/Sprites/BasicTileMapForLayouts/StewysTiles/MetalPlateTiles/MetalPanels_1_14.asset
  artifactKey: Guid(7c198a90981323749b0d8400665d5dc1) Importer(815301076,1909f56bfc062723c751e8b465ee728b)
Start importing Assets/Sprites/BasicTileMapForLayouts/StewysTiles/MetalPlateTiles/MetalPanels_1_14.asset using Guid(7c198a90981323749b0d8400665d5dc1) Importer(815301076,1909f56bfc062723c751e8b465ee728b)  -> (artifact id: '2f3a443ececd15de50097fc128498ecf') in 0.011684 seconds 
========================================================================
Received Import Request.
  Time since last request: 0.000032 seconds.
  path: Assets/Sprites/BasicTileMapForLayouts/StewysTiles/MetalPlateTiles/MetalPanels_1_2.asset
  artifactKey: Guid(86cff1c074014b64099cc0eb93638fc7) Importer(815301076,1909f56bfc062723c751e8b465ee728b)
Start importing Assets/Sprites/BasicTileMapForLayouts/StewysTiles/MetalPlateTiles/MetalPanels_1_2.asset using Guid(86cff1c074014b64099cc0eb93638fc7) Importer(815301076,1909f56bfc062723c751e8b465ee728b)  -> (artifact id: 'a56305ad50eddbfc09c9420eb1c8be27') in 0.011055 seconds 
========================================================================
Received Import Request.
  Time since last request: 0.000025 seconds.
  path: Assets/Sprites/BasicTileMapForLayouts/StewysTiles/MetalPlateTiles/MetalPanels_1_3.asset
  artifactKey: Guid(88a962ae920e40a4282e3eea1ceeae21) Importer(815301076,1909f56bfc062723c751e8b465ee728b)
Start importing Assets/Sprites/BasicTileMapForLayouts/StewysTiles/MetalPlateTiles/MetalPanels_1_3.asset using Guid(88a962ae920e40a4282e3eea1ceeae21) Importer(815301076,1909f56bfc062723c751e8b465ee728b)  -> (artifact id: '7909bc0225afcd0d760d8d8a31e4aa29') in 0.012271 seconds 
========================================================================
Received Import Request.
  Time since last request: 0.000034 seconds.
  path: Assets/Sprites/BasicTileMapForLayouts/StewysTiles/MetalPlateTiles/MetalPanels_1_8.asset
  artifactKey: Guid(3d686d256f50282489ed4ace3708ae9b) Importer(815301076,1909f56bfc062723c751e8b465ee728b)
Start importing Assets/Sprites/BasicTileMapForLayouts/StewysTiles/MetalPlateTiles/MetalPanels_1_8.asset using Guid(3d686d256f50282489ed4ace3708ae9b) Importer(815301076,1909f56bfc062723c751e8b465ee728b)  -> (artifact id: '6435d6b881d5b02a0537800822a21b00') in 0.011894 seconds 
========================================================================
Received Import Request.
  Time since last request: 0.000020 seconds.
  path: Assets/Sprites/BasicTileMapForLayouts/StewysTiles/MetalPlateTiles/MetalPanels_1_9.asset
  artifactKey: Guid(5a572af8821c5ec4791ce39a446b7ce2) Importer(815301076,1909f56bfc062723c751e8b465ee728b)
Start importing Assets/Sprites/BasicTileMapForLayouts/StewysTiles/MetalPlateTiles/MetalPanels_1_9.asset using Guid(5a572af8821c5ec4791ce39a446b7ce2) Importer(815301076,1909f56bfc062723c751e8b465ee728b)  -> (artifact id: '627f7b6cb3070cfb536e41ab6e83712c') in 0.014072 seconds 
========================================================================
Received Import Request.
  Time since last request: 0.000019 seconds.
  path: Assets/Sprites/BasicTileMapForLayouts/StewysTiles/MetalPlateTiles/MetalPanels_1_4.asset
  artifactKey: Guid(41088970242bb044aa8336be83cf5677) Importer(815301076,1909f56bfc062723c751e8b465ee728b)
Start importing Assets/Sprites/BasicTileMapForLayouts/StewysTiles/MetalPlateTiles/MetalPanels_1_4.asset using Guid(41088970242bb044aa8336be83cf5677) Importer(815301076,1909f56bfc062723c751e8b465ee728b)  -> (artifact id: '953b9f780fe5fbcab73ace485a3676d5') in 0.011206 seconds 
Editor requested this worker to shutdown with reason: Scaling down because of idle timeout
AssetImportWorker is now disconnected from the server
Process exiting
Exiting without the bug reporter. Application will terminate with return code 0